<html>
<body>
<pre>
<h1>엤ision Build Log</h1>
<h2>Tool Versions:</h2>
IDE-Version: 뷃Vision V5.26.2.0
Copyright (C) 2018 ARM Ltd and ARM Germany GmbH. All rights reserved.
License Information: TXT-S TXT-S, TXT-S, LIC=X9FX7-ERYIA-E3LMB-2KECR-BKKD1-03BPV
 
Tool Versions:
Toolchain:       PK51 Prof. Developers Kit  Version: 9.00
Toolchain Path:  D:\ProgramFiles\Keil_v5\C51\BIN
C Compiler:      C51.exe V9.00
Assembler:       A51.exe V8.01
Linker/Locator:  BL51.exe V6.22
Library Manager: LIB51.exe V4.24
Hex Converter:   OH51.exe V2.6
CPU DLL:         S8051.DLL V3.72
Dialog DLL:      DCore51.DLL V2.70 
<h2>Project:</h2>
F:\homework\keil5\Project\Project.company\7목GP-095\GP-095_BT-LED_Alarm\GP-095_BT-LED_Alarm.uvproj
Project File Date:  11/06/2018

<h2>Output:</h2>
Build target 'Target 1'
compiling main.c...
\HOMEWORK\KEIL5\PROJECT\PROJECT.COMPANY\7목GP-095\GP-095_BT-LED_ALARM\APP_USER\INCLUDE\LED_MODE.H(10): error C129: missing ';' before '|='
compiling app_main.c...
\HOMEWORK\KEIL5\PROJECT\PROJECT.COMPANY\7목GP-095\GP-095_BT-LED_ALARM\APP_USER\INCLUDE\LED_MODE.H(10): error C129: missing ';' before '|='
compiling Key_Mode.c...
\HOMEWORK\KEIL5\PROJECT\PROJECT.COMPANY\7목GP-095\GP-095_BT-LED_ALARM\APP_USER\INCLUDE\LED_MODE.H(10): error C129: missing ';' before '|='
compiling LED_Mode.c...
\HOMEWORK\KEIL5\PROJECT\PROJECT.COMPANY\7목GP-095\GP-095_BT-LED_ALARM\APP_USER\INCLUDE\LED_MODE.H(10): error C129: missing ';' before '|='
compiling BT_Mode.c...
\HOMEWORK\KEIL5\PROJECT\PROJECT.COMPANY\7목GP-095\GP-095_BT-LED_ALARM\APP_USER\INCLUDE\LED_MODE.H(10): error C129: missing ';' before '|='
Target not created.
Build Time Elapsed:  00:00:03
</pre>
</body>
</html>
